<?xml version="1.0" encoding="UTF-8" ?>
<testsuite tests="4" failures="0" name="za.ac.cput.project2.RoleTest" time="0.001" errors="0" skipped="0">
  <properties>
[...]
</properties>
  <testcase classname="za.ac.cput.project2.RoleTest" name="za.ac.cput.project2.RoleTest.testSetRoleID" time="0.001"/>
  <testcase classname="za.ac.cput.project2.RoleTest" name="za.ac.cput.project2.RoleTest.testSetRoleName" time="0"/>
  <testcase classname="za.ac.cput.project2.RoleTest" name="za.ac.cput.project2.RoleTest.testGetRoleID" time="0"/>
  <testcase classname="za.ac.cput.project2.RoleTest" name="za.ac.cput.project2.RoleTest.testGetRoleName" time="0"/>
</testsuite>